<?xml version="1.0" encoding="UTF-8"?>
<!-- Generated by org.testng.reporters.JUnitReportReporter -->
<testsuite skipped="0" hostname="Hp" name="com.qa.test.Loginpage_Test" tests="2" failures="0" timestamp="02 Mar 2018 16:43:24 GMT" time="50.277" errors="0">
  <testcase name="validate_login_title" time="13.840" classname="com.qa.test.Loginpage_Test"/>
  <testcase name="login" time="36.437" classname="com.qa.test.Loginpage_Test"/>
</testsuite> <!-- com.qa.test.Loginpage_Test -->
