<?xml version="1.0" encoding="UTF-8"?>
<!-- Generated by org.testng.reporters.JUnitReportReporter -->
<testsuite skipped="0" hostname="Hp" name="com.qa.testData.Loginpage_Test" tests="2" failures="0" timestamp="02 Mar 2018 11:31:38 GMT" time="46.721" errors="0">
  <testcase name="validate_login_title" time="14.195" classname="com.qa.testData.Loginpage_Test"/>
  <testcase name="login" time="32.526" classname="com.qa.testData.Loginpage_Test"/>
</testsuite> <!-- com.qa.testData.Loginpage_Test -->
