<?xml version="1.0" encoding="UTF-8"?>
<!-- Generated by org.testng.reporters.JUnitReportReporter -->
<testsuite skipped="0" hostname="Hp" name="com.qa.test.SignUpPage_Test" tests="1" failures="0" timestamp="02 Mar 2018 16:43:24 GMT" time="51.548" errors="0">
  <testcase name="SignUp" time="51.548" classname="com.qa.test.SignUpPage_Test"/>
</testsuite> <!-- com.qa.test.SignUpPage_Test -->
