<?xml version="1.0" encoding="UTF-8"?>
<!-- Generated by org.testng.reporters.JUnitReportReporter -->
<testsuite hostname="Hp" name="com.qa.test.Loginpage_Test" tests="2" failures="0" timestamp="9 Mar 2018 13:05:00 GMT" time="107.072" errors="0">
  <testcase name="login" time="82.919" classname="com.qa.test.Loginpage_Test"/>
  <testcase name="validate_login_title" time="24.153" classname="com.qa.test.Loginpage_Test"/>
</testsuite> <!-- com.qa.test.Loginpage_Test -->
